<?xml version="1.0" encoding="UTF-8"?>
<!-- Generated by org.testng.reporters.JUnitXMLReporter -->
<testsuite ignored="0" hostname="SF-CPU-102" failures="0" tests="14" name="User API Tests" time="3.979" errors="0" timestamp="2025-04-02T16:16:27 IST">
  <testcase classname="TestCases.LoginUser" name="testLogin" time="1.171"/>
  <testcase classname="TestCases.CustomerRegistration" name="registerCustomer" time="0.257"/>
  <testcase classname="TestCases.CustomerRegistration" name="registerCustomer" time="0.065"/>
  <testcase classname="TestCases.CustomerRegistration" name="registerCustomer" time="0.059"/>
  <testcase classname="TestCases.CustomerRegistration" name="registerCustomer" time="0.06"/>
  <testcase classname="TestCases.CustomerRegistration" name="registerCustomer" time="0.054"/>
  <testcase classname="TestCases.CustomerRegistration" name="registerCustomer" time="0.055"/>
  <testcase classname="TestCases.CustomerRegistration" name="registerCustomer" time="0.058"/>
  <testcase classname="TestCases.CustomerRegistration" name="registerCustomer" time="0.054"/>
  <testcase classname="TestCases.CustomerRegistration" name="registerCustomer" time="0.062"/>
  <testcase classname="TestCases.CustomerRegistration" name="registerCustomer" time="0.058"/>
  <testcase classname="TestCases.CustomerRegistration" name="registerCustomer" time="0.057"/>
  <testcase classname="TestCases.CustomerRegistration" name="registerCustomer" time="1.002"/>
  <testcase classname="TestCases.CustomerRegistration" name="registerCustomer" time="0.054"/>
</testsuite> <!-- User API Tests -->
