<?xml version="1.0" encoding="UTF-8"?>
<testng-results ignored="0" total="1" passed="1" failed="0" skipped="0">
  <reporter-output>
  </reporter-output>
  <suite started-at="2025-04-02T16:40:15 IST" name="Default suite" finished-at="2025-04-02T16:40:16 IST" duration-ms="1143">
    <groups>
    </groups>
    <test started-at="2025-04-02T16:40:15 IST" name="Default test" finished-at="2025-04-02T16:40:16 IST" duration-ms="1143">
      <class name="TestCases.trialRegi">
        <test-method is-config="true" signature="setup()[pri:0, instance:TestCases.trialRegi@6a192cfe]" started-at="2025-04-02T16:40:15 IST" name="setup" finished-at="2025-04-02T16:40:15 IST" duration-ms="225" status="PASS">
          <reporter-output>
          </reporter-output>
        </test-method> <!-- setup -->
        <test-method signature="registerCustomer()[pri:1, instance:TestCases.trialRegi@6a192cfe]" started-at="2025-04-02T16:40:15 IST" name="registerCustomer" finished-at="2025-04-02T16:40:16 IST" duration-ms="887" status="PASS">
          <reporter-output>
          </reporter-output>
        </test-method> <!-- registerCustomer -->
      </class> <!-- TestCases.trialRegi -->
    </test> <!-- Default test -->
  </suite> <!-- Default suite -->
</testng-results>
